{
  message: 'DB Connected on Successfully',
  level: 'info',
  label: 'AP',
  timestamp: '2023-10-14T05:26:17.357Z'
}
{
  message: 'Example app listening on port 5000',
  level: 'info',
  label: 'AP',
  timestamp: '2023-10-14T05:26:17.369Z'
}
{
  message: 'DB Connected on Successfully',
  level: 'info',
  label: 'AP',
  timestamp: '2023-10-14T05:30:18.504Z'
}
{
  message: 'Example app listening on port 5000',
  level: 'info',
  label: 'AP',
  timestamp: '2023-10-14T05:30:18.517Z'
}
{
  message: 'DB Connected on Successfully',
  level: 'info',
  label: 'AP',
  timestamp: '2023-10-14T05:31:34.297Z'
}
{
  message: 'Example app listening on port 5000',
  level: 'info',
  label: 'AP',
  timestamp: '2023-10-14T05:31:34.314Z'
}
{
  message: 'DB Connected on Successfully',
  level: 'info',
  label: 'AP',
  timestamp: '2023-10-14T05:32:57.291Z'
}
{
  message: 'Example app listening on port 5000',
  level: 'info',
  label: 'AP',
  timestamp: '2023-10-14T05:32:57.303Z'
}
{
  message: 'DB Connected on Successfully',
  level: 'info',
  label: 'AP',
  timestamp: '2023-10-14T05:33:09.526Z'
}
{
  message: 'Example app listening on port 5000',
  level: 'info',
  label: 'AP',
  timestamp: '2023-10-14T05:33:09.536Z'
}
{
  message: 'DB Connected on Successfully',
  level: 'info',
  label: 'AP',
  timestamp: '2023-10-14T05:33:43.451Z'
}
{
  message: 'Example app listening on port 5000',
  level: 'info',
  label: 'AP',
  timestamp: '2023-10-14T05:33:43.470Z'
}
{
  message: 'DB Connected on Successfully',
  level: 'info',
  label: 'AP',
  timestamp: '2023-10-14T05:37:18.641Z'
}
{
  message: 'Example app listening on port 5000',
  level: 'info',
  label: 'AP',
  timestamp: '2023-10-14T05:37:18.653Z'
}
{
  message: 'DB Connected on Successfully',
  level: 'info',
  label: 'AP',
  timestamp: '2023-10-14T05:40:07.941Z'
}
{
  message: 'Example app listening on port 5000',
  level: 'info',
  label: 'AP',
  timestamp: '2023-10-14T05:40:07.953Z'
}
{
  message: 'DB Connected on Successfully',
  level: 'info',
  label: 'AP',
  timestamp: '2023-10-14T05:40:26.137Z'
}
{
  message: 'Example app listening on port 5000',
  level: 'info',
  label: 'AP',
  timestamp: '2023-10-14T05:40:26.150Z'
}
{
  message: 'DB Connected on Successfully',
  level: 'info',
  label: 'AP',
  timestamp: '2023-10-14T05:41:29.850Z'
}
{
  message: 'Example app listening on port 5000',
  level: 'info',
  label: 'AP',
  timestamp: '2023-10-14T05:41:29.862Z'
}
{
  message: 'DB Connected on Successfully',
  level: 'info',
  label: 'AP',
  timestamp: '2023-10-14T05:42:02.487Z'
}
{
  message: 'Example app listening on port 5000',
  level: 'info',
  label: 'AP',
  timestamp: '2023-10-14T05:42:02.498Z'
}
{
  message: 'DB Connected on Successfully',
  level: 'info',
  label: 'AP',
  timestamp: '2023-10-14T05:42:20.440Z'
}
{
  message: 'Example app listening on port 5000',
  level: 'info',
  label: 'AP',
  timestamp: '2023-10-14T05:42:20.451Z'
}
{
  message: 'DB Connected on Successfully',
  level: 'info',
  label: 'AP',
  timestamp: '2023-10-14T05:42:29.438Z'
}
{
  message: 'Example app listening on port 5000',
  level: 'info',
  label: 'AP',
  timestamp: '2023-10-14T05:42:29.450Z'
}
{
  message: 'DB Connected on Successfully',
  level: 'info',
  label: 'AP',
  timestamp: '2023-10-14T05:43:01.423Z'
}
{
  message: 'Example app listening on port 5000',
  level: 'info',
  label: 'AP',
  timestamp: '2023-10-14T05:43:01.444Z'
}
{
  message: 'DB Connected on Successfully',
  level: 'info',
  label: 'AP',
  timestamp: '2023-10-14T05:43:58.340Z'
}
{
  message: 'Example app listening on port 5000',
  level: 'info',
  label: 'AP',
  timestamp: '2023-10-14T05:43:58.354Z'
}
{
  message: 'DB Connected on Successfully',
  level: 'info',
  label: 'AP',
  timestamp: '2023-10-14T05:44:12.996Z'
}
{
  message: 'Example app listening on port 5000',
  level: 'info',
  label: 'AP',
  timestamp: '2023-10-14T05:44:13.009Z'
}
{
  message: 'DB Connected on Successfully',
  level: 'info',
  label: 'AP',
  timestamp: '2023-10-14T05:44:55.152Z'
}
{
  message: 'Example app listening on port 5000',
  level: 'info',
  label: 'AP',
  timestamp: '2023-10-14T05:44:55.165Z'
}
{
  message: 'DB Connected on Successfully',
  level: 'info',
  label: 'AP',
  timestamp: '2023-10-14T05:50:46.165Z'
}
{
  message: 'Example app listening on port 5000',
  level: 'info',
  label: 'AP',
  timestamp: '2023-10-14T05:50:46.177Z'
}
{
  message: 'DB Connected on Successfully',
  level: 'info',
  label: 'AP',
  timestamp: '2023-10-14T05:51:00.538Z'
}
{
  message: 'Example app listening on port 5000',
  level: 'info',
  label: 'AP',
  timestamp: '2023-10-14T05:51:00.551Z'
}
{
  message: 'DB Connected on Successfully',
  level: 'info',
  label: 'AP',
  timestamp: '2023-10-14T05:53:30.193Z'
}
{
  message: 'Example app listening on port 5000',
  level: 'info',
  label: 'AP',
  timestamp: '2023-10-14T05:53:30.205Z'
}
{
  message: 'DB Connected on Successfully',
  level: 'info',
  label: 'AP',
  timestamp: '2023-10-14T05:55:59.488Z'
}
{
  message: 'Example app listening on port 5000',
  level: 'info',
  label: 'AP',
  timestamp: '2023-10-14T05:55:59.500Z'
}
{
  message: 'DB Connected on Successfully',
  level: 'info',
  label: 'AP',
  timestamp: '2023-10-14T05:56:09.800Z'
}
{
  message: 'Example app listening on port 5000',
  level: 'info',
  label: 'AP',
  timestamp: '2023-10-14T05:56:09.812Z'
}
{
  message: 'DB Connected on Successfully',
  level: 'info',
  label: 'AP',
  timestamp: '2023-10-14T05:56:17.849Z'
}
{
  message: 'Example app listening on port 5000',
  level: 'info',
  label: 'AP',
  timestamp: '2023-10-14T05:56:17.862Z'
}
{
  message: 'DB Connected on Successfully',
  level: 'info',
  label: 'AP',
  timestamp: '2023-10-14T05:56:24.247Z'
}
{
  message: 'Example app listening on port 5000',
  level: 'info',
  label: 'AP',
  timestamp: '2023-10-14T05:56:24.258Z'
}
