Sat Oct 14 2023 12:4 40 [AP] error: globalErrorHandler [
  {
    "code": "invalid_type",
    "expected": "string",
    "received": "undefined",
    "path": [
      "cookies",
      "refreshToken"
    ],
    "message": "Refresh Token is required"
  }
]
Sat Oct 14 2023 12:6 2 [AP] error: globalErrorHandler [
  {
    "code": "invalid_type",
    "expected": "string",
    "received": "undefined",
    "path": [
      "cookies",
      "refreshToken"
    ],
    "message": "Refresh Token is required"
  }
]
Sat Oct 14 2023 12:6 19 [AP] error: globalErrorHandler [
  {
    "code": "invalid_type",
    "expected": "string",
    "received": "undefined",
    "path": [
      "cookies",
      "refreshToken"
    ],
    "message": "Refresh Token is required"
  }
]
Sat Oct 14 2023 12:18 27 [AP] error: globalErrorHandler [
  {
    "code": "invalid_type",
    "expected": "string",
    "received": "undefined",
    "path": [
      "cookies",
      "refreshToken"
    ],
    "message": "Refresh Token is required"
  }
]
Sat Oct 14 2023 12:19 20 [AP] error: globalErrorHandler jwt expired
Sat Oct 14 2023 12:19 38 [AP] error: globalErrorHandler invalid signature
Sat Oct 14 2023 12:23 17 [AP] error: globalErrorHandler [
  {
    "code": "invalid_type",
    "expected": "object",
    "received": "undefined",
    "path": [
      "body",
      "thumbnail"
    ],
    "message": "Required"
  }
]
Sat Oct 14 2023 12:25 24 [AP] error: globalErrorHandler [
  {
    "received": "Update room",
    "code": "invalid_enum_value",
    "options": [
      "Cox Bazar",
      "Dhaka",
      "Sylhet",
      "Chittagong",
      "Sreemangal",
      "Kuakata",
      "Rajshahi",
      "Bandarban",
      "Gazipur",
      "Khulna"
    ],
    "path": [
      "body",
      "category"
    ],
    "message": "Invalid enum value. Expected 'Cox Bazar' | 'Dhaka' | 'Sylhet' | 'Chittagong' | 'Sreemangal' | 'Kuakata' | 'Rajshahi' | 'Bandarban' | 'Gazipur' | 'Khulna', received 'Update room'"
  }
]
Sat Oct 14 2023 12:36 59 [AP] error: globalErrorHandler Category not found
Sat Oct 14 2023 12:56 31 [AP] error: globalErrorHandler Expected an array
Sat Oct 14 2023 12:58 42 [AP] error: globalErrorHandler Category not found
