Mon Oct 16 2023 18:1 6 [AP] error: globalErrorHandler [
  {
    "expected": "'Available' | 'Unavailable'",
    "received": "undefined",
    "code": "invalid_type",
    "path": [
      "body",
      "availablity"
    ],
    "message": "Location is required"
  },
  {
    "code": "invalid_type",
    "expected": "object",
    "received": "string",
    "path": [
      "body",
      "thumbnail"
    ],
    "message": "Expected object, received string"
  },
  {
    "code": "invalid_type",
    "expected": "string",
    "received": "undefined",
    "path": [
      "body",
      "facilities"
    ],
    "message": "facilities id is required"
  }
]
Mon Oct 16 2023 18:3 55 [AP] error: globalErrorHandler [
  {
    "expected": "'Available' | 'Unavailable'",
    "received": "undefined",
    "code": "invalid_type",
    "path": [
      "body",
      "availablity"
    ],
    "message": "Available is required"
  },
  {
    "code": "invalid_type",
    "expected": "string",
    "received": "undefined",
    "path": [
      "body",
      "facilities"
    ],
    "message": "facilities id is required"
  }
]
Mon Oct 16 2023 18:5 3 [AP] error: globalErrorHandler [
  {
    "code": "invalid_type",
    "expected": "string",
    "received": "undefined",
    "path": [
      "body",
      "facilities"
    ],
    "message": "facilities id is required"
  }
]
