Sat Oct 14 2023 13:24 10 [AP] error: globalErrorHandler You are not authorized
Sat Oct 14 2023 13:26 50 [AP] error: globalErrorHandler Forbidden
Sat Oct 14 2023 13:31 16 [AP] error: globalErrorHandler Booking validation failed: userId: Path `userId` is required., serviceId: Path `serviceId` is required.
Sat Oct 14 2023 13:33 52 [AP] error: globalErrorHandler Booking validation failed: userId: Path `userId` is required., serviceId: Path `serviceId` is required.
Sat Oct 14 2023 13:35 54 [AP] error: globalErrorHandler Rooms are already booked for the specified date range
Sat Oct 14 2023 13:36 15 [AP] error: globalErrorHandler Rooms are already booked for the specified date range
Sat Oct 14 2023 13:36 26 [AP] error: globalErrorHandler Rooms are already booked for the specified date range
Sat Oct 14 2023 13:37 15 [AP] error: globalErrorHandler Rooms are already booked for the specified date range
Sat Oct 14 2023 13:37 36 [AP] error: globalErrorHandler Rooms are already booked for the specified date range
Sat Oct 14 2023 13:38 20 [AP] error: globalErrorHandler Rooms are already booked for the specified date range
Sat Oct 14 2023 13:45 49 [AP] error: globalErrorHandler You are not authorized
Sat Oct 14 2023 13:51 38 [AP] error: globalErrorHandler [
  {
    "code": "invalid_type",
    "expected": "object",
    "received": "undefined",
    "path": [
      "body",
      "thumbnail"
    ],
    "message": "Required"
  }
]
Sat Oct 14 2023 13:54 15 [AP] error: globalErrorHandler You are not authorized
Sat Oct 14 2023 13:54 36 [AP] error: globalErrorHandler [
  {
    "code": "invalid_type",
    "expected": "string",
    "received": "undefined",
    "path": [
      "body",
      "title"
    ],
    "message": "title id is required"
  },
  {
    "code": "invalid_type",
    "expected": "string",
    "received": "undefined",
    "path": [
      "body",
      "description"
    ],
    "message": "description id is required"
  },
  {
    "code": "invalid_type",
    "expected": "object",
    "received": "undefined",
    "path": [
      "body",
      "avatar"
    ],
    "message": "Required"
  }
]
Sat Oct 14 2023 13:55 8 [AP] error: globalErrorHandler FAQ is already exist
