Fri Oct 13 2023 17:0 43 [AP] error: globalErrorHandler Cast to ObjectId failed for value "{
  userId: '652805e8c38ee1cbda4adb4c',
  role: 'admin',
  iat: 1697190198,
  exp: 1697276598
}" (type Object) at path "_id" for model "User"
Fri Oct 13 2023 17:1 27 [AP] error: globalErrorHandler User not found
Fri Oct 13 2023 17:2 25 [AP] error: globalErrorHandler User not found
Fri Oct 13 2023 17:10 53 [AP] error: globalErrorHandler D:\next-level\Assignment-9\server\src\mails\question-reply.ejs:55
    53|     <main>
    54|         <h1>Welcome to BookedYourProperty</h1>
 >> 55|         <p>Hello, <%= user.name %></p>
    56|         <p>A new reply has been added to your question in the video "<%= title %>."</p>
    57|         <p>Please log in to our website to view the reply and continue the discussion.</p>
    58|         <p>Thank you for being a part of our community.</p>

user is not defined
Fri Oct 13 2023 17:11 32 [AP] error: globalErrorHandler D:\next-level\Assignment-9\server\src\mails\question-reply.ejs:55
    53|     <main>
    54|         <h1>Welcome to BookedYourProperty</h1>
 >> 55|         <p>Hello, <%= user.name %></p>
    56|         <p>A new reply has been added to your question in the video "<%= title %>."</p>
    57|         <p>Please log in to our website to view the reply and continue the discussion.</p>
    58|         <p>Thank you for being a part of our community.</p>

user is not defined
Fri Oct 13 2023 17:16 3 [AP] error: globalErrorHandler D:\next-level\Assignment-9\server\src\mails\question-reply.ejs:55
    53|     <main>
    54|         <h1>Welcome to BookedYourProperty</h1>
 >> 55|         <p>Hello, <%= user.name %></p>
    56|         <p>A new reply has been added to your question in the video "<%= title %>."</p>
    57|         <p>Please log in to our website to view the reply and continue the discussion.</p>
    58|         <p>Thank you for being a part of our community.</p>

user is not defined
Fri Oct 13 2023 17:16 34 [AP] error: globalErrorHandler D:\next-level\Assignment-9\server\src\mails\question-reply.ejs:55
    53|     <main>
    54|         <h1>Welcome to BookedYourProperty</h1>
 >> 55|         <p>Hello, <%= user.name %></p>
    56|         <p>A new reply has been added to your question in the video "<%= title %>."</p>
    57|         <p>Please log in to our website to view the reply and continue the discussion.</p>
    58|         <p>Thank you for being a part of our community.</p>

user is not defined
Fri Oct 13 2023 17:28 7 [AP] error: globalErrorHandler Room not found
Fri Oct 13 2023 17:31 12 [AP] error: globalErrorHandler Cast to ObjectId failed for value "{ id: '65292a439fad53aa9618c0ab' }" (type Object) at path "_id" for model "Booking"
Fri Oct 13 2023 17:32 14 [AP] error: globalErrorHandler Cast to ObjectId failed for value "{ id: '65292a439fad53aa9618c0ab' }" (type Object) at path "_id" for model "Booking"
Fri Oct 13 2023 17:32 57 [AP] error: globalErrorHandler Cast to ObjectId failed for value "{ id: '65292a439fad53aa9618c0ab' }" (type Object) at path "_id" for model "Booking"
Fri Oct 13 2023 17:33 32 [AP] error: globalErrorHandler Cast to ObjectId failed for value "{ _id: { id: '65292a439fad53aa9618c0ab' } }" (type Object) at path "_id" for model "Booking"
Fri Oct 13 2023 17:37 27 [AP] error: globalErrorHandler You are not authorized
Fri Oct 13 2023 17:48 0 [AP] error: globalErrorHandler Parameter "filter" to deleteOne() must be an object, got "652805e8c38ee1cbda4adb4c" (type string)
