Fri Oct 13 2023 16:3 9 [AP] error: globalErrorHandler Cast to ObjectId failed for value "652914d120f713f23bc4788" (type string) at path "_id" for model "Service"
Fri Oct 13 2023 16:3 16 [AP] error: globalErrorHandler Cast to ObjectId failed for value "652914d120f713f23bc47885b" (type string) at path "_id" for model "Service"
Fri Oct 13 2023 16:3 32 [AP] error: globalErrorHandler Service not found
Fri Oct 13 2023 16:19 20 [AP] error: globalErrorHandler You are not authorized
Fri Oct 13 2023 16:19 46 [AP] error: globalErrorHandler Service not found
Fri Oct 13 2023 16:21 19 [AP] error: globalErrorHandler Notification validation failed: user: Path `user` is required.
Fri Oct 13 2023 16:22 56 [AP] error: globalErrorHandler Notification validation failed: user: Path `user` is required.
Fri Oct 13 2023 16:24 7 [AP] error: globalErrorHandler Notification validation failed: user: Path `user` is required.
Fri Oct 13 2023 16:28 18 [AP] error: globalErrorHandler Notification validation failed: user: Path `user` is required.
Fri Oct 13 2023 16:32 41 [AP] error: globalErrorHandler Notification validation failed: user: Path `user` is required.
Fri Oct 13 2023 16:46 21 [AP] error: globalErrorHandler Notification validation failed: user: Path `user` is required.
Fri Oct 13 2023 16:48 5 [AP] error: globalErrorHandler D:\next-level\Assignment-9\server\src\mails\question-reply.ejs:55
    53|     <main>
    54|         <h1>Welcome to StudySync</h1>
 >> 55|         <p>Hello, <%= user.name %></p>
    56|         <p>A new reply has been added to your question in the video "<%= title %>."</p>
    57|         <p>Please log in to our website to view the reply and continue the discussion.</p>
    58|         <p>Thank you for being a part of our community.</p>

user is not defined
Fri Oct 13 2023 16:53 11 [AP] error: globalErrorHandler D:\next-level\Assignment-9\server\src\mails\question-reply.ejs:55
    53|     <main>
    54|         <h1>Welcome to BookedYourProperty</h1>
 >> 55|         <p>Hello, <%= user.name %></p>
    56|         <p>A new reply has been added to your question in the video "<%= title %>."</p>
    57|         <p>Please log in to our website to view the reply and continue the discussion.</p>
    58|         <p>Thank you for being a part of our community.</p>

user is not defined
Fri Oct 13 2023 16:56 35 [AP] error: globalErrorHandler Cast to ObjectId failed for value "{
  userId: '652805e8c38ee1cbda4adb4c',
  role: 'admin',
  iat: 1697190198,
  exp: 1697276598
}" (type Object) at path "_id" for model "User"
Fri Oct 13 2023 16:57 23 [AP] error: globalErrorHandler Cast to ObjectId failed for value "{
  userId: '652805e8c38ee1cbda4adb4c',
  role: 'admin',
  iat: 1697190198,
  exp: 1697276598
}" (type Object) at path "_id" for model "User"
